Medicus_Android/ParseStarterProject/build/intermediates/proguard-rules/release/aapt_rules.txt
# view res/layout/activity_doctor.xml #generated:2
# view res/layout/activity_pharmacy.xml #generated:2
# view res/layout/activity_test.xml #generated:2
# view res/layout/content_medicus.xml #generated:2
-keep class android.support.constraint.ConstraintLayout { <init>(...); }

# view res/layout/design_navigation_item.xml #generated:17
-keep class android.support.design.internal.NavigationMenuItemView { <init>(...); }

# view res/layout/design_navigation_menu.xml #generated:17
-keep class android.support.design.internal.NavigationMenuView { <init>(...); }

# view res/layout/app_bar_medicus.xml #generated:10
-keep class android.support.design.widget.AppBarLayout { <init>(...); }

# view res/layout/activity_doctor.xml #generated:24
# view res/layout/activity_pharmacy.xml #generated:28
# view res/layout/app_bar_medicus.xml #generated:2
# view res/layout/design_bottom_sheet_dialog.xml #generated:17
-keep class android.support.design.widget.CoordinatorLayout { <init>(...); }

# view res/layout/activity_doctor.xml #generated:29
# view res/layout/activity_doctor.xml #generated:37
# view res/layout/activity_doctor.xml #generated:47
# view res/layout/activity_pharmacy.xml #generated:33
# view res/layout/activity_pharmacy.xml #generated:41
# view res/layout/activity_pharmacy.xml #generated:51
-keep class android.support.design.widget.FloatingActionButton { <init>(...); }

# view res/layout/activity_medicus.xml #generated:17
-keep class android.support.design.widget.NavigationView { <init>(...); }

# view res/layout/design_layout_snackbar.xml #generated:18
# view sw600dp-v13\res/layout-sw600dp-v13/design_layout_snackbar.xml #generated:18
-keep class android.support.design.widget.Snackbar$SnackbarLayout { <init>(...); }

# view res/layout/activity_medicus.xml #generated:2
-keep class android.support.v4.widget.DrawerLayout { <init>(...); }

# view res/layout/abc_alert_dialog_material.xml #generated:75
-keep class android.support.v4.widget.NestedScrollView { <init>(...); }

# view res/layout/abc_alert_dialog_button_bar_material.xml #generated:40
-keep class android.support.v4.widget.Space { <init>(...); }

# view res/layout/activity_doctor.xml #generated:10
# view res/layout/activity_pharmacy.xml #generated:11
-keep class android.support.v4.widget.SwipeRefreshLayout { <init>(...); }

# view res/layout/abc_action_menu_item_layout.xml #generated:17
-keep class android.support.v7.view.menu.ActionMenuItemView { <init>(...); }

# view res/layout/abc_expanded_menu_layout.xml #generated:17
-keep class android.support.v7.view.menu.ExpandedMenuView { <init>(...); }

# view res/layout/abc_list_menu_item_layout.xml #generated:17
# view res/layout/abc_popup_menu_item_layout.xml #generated:17
-keep class android.support.v7.view.menu.ListMenuItemView { <init>(...); }

# view res/layout/abc_screen_toolbar.xml #generated:27
-keep class android.support.v7.widget.ActionBarContainer { <init>(...); }

# view res/layout/abc_action_mode_bar.xml #generated:19
# view res/layout/abc_screen_toolbar.xml #generated:43
-keep class android.support.v7.widget.ActionBarContextView { <init>(...); }

# view res/layout/abc_screen_toolbar.xml #generated:17
-keep class android.support.v7.widget.ActionBarOverlayLayout { <init>(...); }

# view res/layout/abc_action_menu_layout.xml #generated:17
-keep class android.support.v7.widget.ActionMenuView { <init>(...); }

# view res/layout/abc_activity_chooser_view.xml #generated:19
-keep class android.support.v7.widget.ActivityChooserView$InnerLayout { <init>(...); }

# view res/layout/abc_alert_dialog_button_bar_material.xml #generated:18
-keep class android.support.v7.widget.ButtonBarLayout { <init>(...); }

# view res/layout/abc_screen_content_include.xml #generated:19
-keep class android.support.v7.widget.ContentFrameLayout { <init>(...); }

# view res/layout/abc_alert_dialog_material.xml #generated:48
-keep class android.support.v7.widget.DialogTitle { <init>(...); }

# view res/layout/abc_screen_simple_overlay_action_mode.xml #generated:23
-keep class android.support.v7.widget.FitWindowsFrameLayout { <init>(...); }

# view res/layout/abc_dialog_title_material.xml #generated:22
# view res/layout/abc_screen_simple.xml #generated:17
-keep class android.support.v7.widget.FitWindowsLinearLayout { <init>(...); }

# view res/layout/abc_search_view.xml #generated:78
-keep class android.support.v7.widget.SearchView$SearchAutoComplete { <init>(...); }

# view res/layout/abc_screen_toolbar.xml #generated:36
# view res/layout/app_bar_medicus.xml #generated:15
# view res/layout/cast_expanded_controller_activity.xml #generated:167
-keep class android.support.v7.widget.Toolbar { <init>(...); }

# view res/layout/abc_screen_simple.xml #generated:25
# view res/layout/abc_screen_simple_overlay_action_mode.xml #generated:32
-keep class android.support.v7.widget.ViewStubCompat { <init>(...); }

# view AndroidManifest.xml #generated:100
-keep class com.google.android.gms.ads.AdActivity { <init>(...); }

# view AndroidManifest.xml #generated:104
-keep class com.google.android.gms.ads.purchase.InAppPurchaseActivity { <init>(...); }

# view AndroidManifest.xml #generated:107
-keep class com.google.android.gms.appinvite.PreviewActivity { <init>(...); }

# view AndroidManifest.xml #generated:126
-keep class com.google.android.gms.auth.api.signin.RevocationBoundService { <init>(...); }

# view AndroidManifest.xml #generated:117
-keep class com.google.android.gms.auth.api.signin.internal.SignInHubActivity { <init>(...); }

# view AndroidManifest.xml #generated:134
-keep class com.google.android.gms.cast.framework.ReconnectionService { <init>(...); }

# view res/layout/cast_help_text.xml #generated:2
-keep class com.google.android.gms.cast.framework.internal.featurehighlight.HelpTextView { <init>(...); }

# view AndroidManifest.xml #generated:131
-keep class com.google.android.gms.cast.framework.media.MediaIntentReceiver { <init>(...); }

# view AndroidManifest.xml #generated:133
-keep class com.google.android.gms.cast.framework.media.MediaNotificationService { <init>(...); }

# view AndroidManifest.xml #generated:219
-keep class com.google.android.gms.common.api.GoogleApiActivity { <init>(...); }

# view res/layout/activity_driver_location.xml #generated:14
# view res/layout/activity_rider.xml #generated:13
-keep class com.google.android.gms.maps.SupportMapFragment { <init>(...); }

# view AndroidManifest.xml #generated:170
-keep class com.google.android.gms.measurement.AppMeasurementReceiver { <init>(...); }

# view AndroidManifest.xml #generated:178
-keep class com.google.android.gms.measurement.AppMeasurementService { <init>(...); }

# view AndroidManifest.xml #generated:157
-keep class com.google.android.gms.tagmanager.TagManagerPreviewActivity { <init>(...); }

# view AndroidManifest.xml #generated:152
-keep class com.google.android.gms.tagmanager.TagManagerService { <init>(...); }

# view AndroidManifest.xml #generated:135
-keep class com.google.firebase.crash.internal.service.FirebaseCrashReceiverService { <init>(...); }

# view AndroidManifest.xml #generated:138
-keep class com.google.firebase.crash.internal.service.FirebaseCrashSenderService { <init>(...); }

# view AndroidManifest.xml #generated:198
-keep class com.google.firebase.iid.FirebaseInstanceIdInternalReceiver { <init>(...); }

# view AndroidManifest.xml #generated:183
-keep class com.google.firebase.iid.FirebaseInstanceIdReceiver { <init>(...); }

# view AndroidManifest.xml #generated:205
-keep class com.google.firebase.iid.FirebaseInstanceIdService { <init>(...); }

# view AndroidManifest.xml #generated:145
-keep class com.google.firebase.messaging.FirebaseMessagingService { <init>(...); }

# view AndroidManifest.xml #generated:213
-keep class com.google.firebase.provider.FirebaseInitProvider { <init>(...); }

# view AndroidManifest.xml #generated:93
-keep class com.parse.starter.Doctor { <init>(...); }

# view AndroidManifest.xml #generated:85
-keep class com.parse.starter.DriverLocationActivity { <init>(...); }

# view AndroidManifest.xml #generated:60
-keep class com.parse.starter.MainActivity { <init>(...); }

# view AndroidManifest.xml #generated:88
-keep class com.parse.starter.Medicus { <init>(...); }

# view AndroidManifest.xml #generated:81
-keep class com.parse.starter.RiderActivity { <init>(...); }

# view AndroidManifest.xml #generated:47
-keep class com.parse.starter.StarterApplication { <init>(...); }

# view AndroidManifest.xml #generated:97
-keep class com.parse.starter.Test { <init>(...); }

# view AndroidManifest.xml #generated:84
-keep class com.parse.starter.ViewRequestsActivity { <init>(...); }

# view AndroidManifest.xml #generated:95
-keep class com.parse.starter.pharmacy { <init>(...); }

# onClick res/layout/activity_driver_location.xml #generated:23
-keepclassmembers class * { *** acceptRequest(...); }

# onClick res/layout/activity_rider.xml #generated:22
-keepclassmembers class * { *** callUber(...); }

# onClick res/layout/activity_main.xml #generated:61
-keepclassmembers class * { *** getStarted(...); }

# onClick res/layout/activity_rider.xml #generated:35
-keepclassmembers class * { *** logout(...); }