Medicus_Android/ParseStarterProject/build/outputs/mapping/release/seeds.txt
com.parse.starter.BuildConfig
com.parse.starter.BuildConfig: boolean DEBUG
com.parse.starter.BuildConfig: java.lang.String APPLICATION_ID
com.parse.starter.BuildConfig: java.lang.String BUILD_TYPE
com.parse.starter.BuildConfig: java.lang.String FLAVOR
com.parse.starter.BuildConfig: int VERSION_CODE
com.parse.starter.BuildConfig: java.lang.String VERSION_NAME
com.parse.starter.BuildConfig: BuildConfig()
com.parse.starter.Doctor
com.parse.starter.Doctor: android.webkit.WebView webView
com.parse.starter.Doctor: android.support.v4.widget.SwipeRefreshLayout swipe
com.parse.starter.Doctor: Doctor()
com.parse.starter.Doctor: void onCreate(android.os.Bundle)
com.parse.starter.Doctor: void loadWebs()
com.parse.starter.Doctor: void onBackPressed()
com.parse.starter.Doctor: android.webkit.WebView access$000(com.parse.starter.Doctor)
com.parse.starter.Doctor: android.support.v4.widget.SwipeRefreshLayout access$100(com.parse.starter.Doctor)
com.parse.starter.Doctor$1
com.parse.starter.Doctor$1: com.parse.starter.Doctor this$0
com.parse.starter.Doctor$1: Doctor$1(com.parse.starter.Doctor)
com.parse.starter.Doctor$1: void onRefresh()
com.parse.starter.Doctor$2
com.parse.starter.Doctor$2: com.parse.starter.Doctor this$0
com.parse.starter.Doctor$2: Doctor$2(com.parse.starter.Doctor)
com.parse.starter.Doctor$2: void onClick(android.view.View)
com.parse.starter.Doctor$3
com.parse.starter.Doctor$3: com.parse.starter.Doctor this$0
com.parse.starter.Doctor$3: Doctor$3(com.parse.starter.Doctor)
com.parse.starter.Doctor$3: void onClick(android.view.View)
com.parse.starter.Doctor$4
com.parse.starter.Doctor$4: com.parse.starter.Doctor this$0
com.parse.starter.Doctor$4: Doctor$4(com.parse.starter.Doctor)
com.parse.starter.Doctor$4: void onReceivedError(android.webkit.WebView,int,java.lang.String,java.lang.String)
com.parse.starter.Doctor$4: void onPageFinished(android.webkit.WebView,java.lang.String)
com.parse.starter.DriverLocationActivity
com.parse.starter.DriverLocationActivity: com.google.android.gms.maps.GoogleMap mMap
com.parse.starter.DriverLocationActivity: android.content.Intent intent
com.parse.starter.DriverLocationActivity: DriverLocationActivity()
com.parse.starter.DriverLocationActivity: void acceptRequest(android.view.View)
com.parse.starter.DriverLocationActivity: void onCreate(android.os.Bundle)
com.parse.starter.DriverLocationActivity: void onMapReady(com.google.android.gms.maps.GoogleMap)
com.parse.starter.DriverLocationActivity: com.google.android.gms.maps.GoogleMap access$000(com.parse.starter.DriverLocationActivity)
com.parse.starter.DriverLocationActivity$1
com.parse.starter.DriverLocationActivity$1: com.parse.starter.DriverLocationActivity this$0
com.parse.starter.DriverLocationActivity$1: DriverLocationActivity$1(com.parse.starter.DriverLocationActivity)
com.parse.starter.DriverLocationActivity$1: void done(java.util.List,com.parse.ParseException)
com.parse.starter.DriverLocationActivity$1: void done(java.lang.Object,java.lang.Throwable)
com.parse.starter.DriverLocationActivity$1$1
com.parse.starter.DriverLocationActivity$1$1: com.parse.starter.DriverLocationActivity$1 this$1
com.parse.starter.DriverLocationActivity$1$1: DriverLocationActivity$1$1(com.parse.starter.DriverLocationActivity$1)
com.parse.starter.DriverLocationActivity$1$1: void done(com.parse.ParseException)
com.parse.starter.DriverLocationActivity$1$1: void done(java.lang.Throwable)
com.parse.starter.DriverLocationActivity$2
com.parse.starter.DriverLocationActivity$2: com.parse.starter.DriverLocationActivity this$0
com.parse.starter.DriverLocationActivity$2: DriverLocationActivity$2(com.parse.starter.DriverLocationActivity)
com.parse.starter.DriverLocationActivity$2: void onGlobalLayout()
com.parse.starter.MainActivity
com.parse.starter.MainActivity: MainActivity()
com.parse.starter.MainActivity: void redirectActivity()
com.parse.starter.MainActivity: void getStarted(android.view.View)
com.parse.starter.MainActivity: void onCreate(android.os.Bundle)
...
android.support.v4.app.BaseFragmentActivityHoneycomb: BaseFragmentActivityHoneycomb()
android.support.v4.app.BaseFragmentActivityHoneycomb: android.view.View onCreateView(android.view.View,java.lang.String,android.content.Context,android.util.AttributeSet)
android.support.v4.app.Fragment: Fragment()
android.support.v4.app.Fragment$SavedState
android.support.v4.app.Fragment$SavedState: android.os.Parcelable$Creator CREATOR
android.support.v4.app.FragmentActivity: java.lang.String TAG
android.support.v4.app.FragmentActivity: java.lang.String FRAGMENTS_TAG
android.support.v4.app.FragmentActivity: java.lang.String NEXT_CANDIDATE_REQUEST_INDEX_TAG
android.support.v4.app.FragmentActivity: java.lang.String ALLOCATED_REQUEST_INDICIES_TAG
android.support.v4.app.FragmentActivity: java.lang.String REQUEST_FRAGMENT_WHO_TAG
android.support.v4.app.FragmentActivity: int MAX_NUM_PENDING_FRAGMENT_ACTIVITY_RESULTS
android.support.v4.app.FragmentActivity: int HONEYCOMB
android.support.v4.app.FragmentActivity: int MSG_REALLY_STOPPED
android.support.v4.app.FragmentActivity: int MSG_RESUME_PENDING
android.support.v4.app.FragmentActivity: android.os.Handler mHandler
android.support.v4.app.FragmentActivity: android.support.v4.app.FragmentController mFragments
android.support.v4.app.FragmentActivity: boolean mCreated
android.support.v4.app.FragmentActivity: boolean mResumed
android.support.v4.app.FragmentActivity: boolean mStopped
android.support.v4.app.FragmentActivity: boolean mReallyStopped
android.support.v4.app.FragmentActivity: boolean mRetaining
android.support.v4.app.FragmentActivity: boolean mOptionsMenuInvalidated
android.support.v4.app.FragmentActivity: boolean mRequestedPermissionsFromFragment
android.support.v4.app.FragmentActivity: int mNextCandidateRequestIndex
android.support.v4.app.FragmentActivity: boolean mStartedActivityFromFragment
android.support.v4.app.FragmentManagerState
android.support.v4.app.FragmentManagerState: android.os.Parcelable$Creator CREATOR
android.support.v4.app.FragmentState
android.support.v4.app.FragmentState: android.os.Parcelable$Creator CREATOR
android.support.v4.app.FragmentTabHost: void setOnTabChangedListener(android.widget.TabHost$OnTabChangeListener)
android.support.v4.app.FragmentTabHost$SavedState
android.support.v4.app.FragmentTabHost$SavedState: android.os.Parcelable$Creator CREATOR
android.support.v4.content.ModernAsyncTask$Status: android.support.v4.content.ModernAsyncTask$Status[] values()
android.support.v4.content.ModernAsyncTask$Status: android.support.v4.content.ModernAsyncTask$Status valueOf(java.lang.String)
android.support.v4.content.WakefulBroadcastReceiver: WakefulBroadcastReceiver()
android.support.v4.media.MediaBrowserCompat$ItemReceiver
android.support.v4.media.MediaBrowserCompat$MediaItem
android.support.v4.media.MediaBrowserCompat$MediaItem: android.os.Parcelable$Creator CREATOR
android.support.v4.media.MediaBrowserServiceCompat$ServiceImplApi23$1
android.support.v4.media.MediaDescriptionCompat
android.support.v4.media.MediaDescriptionCompat: android.os.Parcelable$Creator CREATOR
android.support.v4.media.MediaMetadataCompat
android.support.v4.media.MediaMetadataCompat: android.os.Parcelable$Creator CREATOR
android.support.v4.media.RatingCompat
android.support.v4.media.RatingCompat: android.os.Parcelable$Creator CREATOR
android.support.v4.media.session.MediaSessionCompat$QueueItem
android.support.v4.media.session.MediaSessionCompat$QueueItem: android.os.Parcelable$Creator CREATOR
android.support.v4.media.session.MediaSessionCompat$ResultReceiverWrapper
android.support.v4.media.session.MediaSessionCompat$ResultReceiverWrapper: android.os.Parcelable$Creator CREATOR
android.support.v4.media.session.MediaSessionCompat$Token
android.support.v4.media.session.MediaSessionCompat$Token: android.os.Parcelable$Creator CREATOR
android.support.v4.media.session.ParcelableVolumeInfo
android.support.v4.media.session.ParcelableVolumeInfo: android.os.Parcelable$Creator CREATOR