Medicus_Android/ParseStarterProject/build/outputs/mapping/release/mapping.txt
com.parse.starter.Doctor -> com.parse.starter.Doctor:
    android.webkit.WebView webView -> webView
    android.support.v4.widget.SwipeRefreshLayout swipe -> swipe
    13:13:void <init>() -> <init>
    19:53:void onCreate(android.os.Bundle) -> onCreate
    56:75:void loadWebs() -> loadWebs
    79:86:void onBackPressed() -> onBackPressed
    13:13:android.webkit.WebView access$000(com.parse.starter.Doctor) -> access$000
    13:13:android.support.v4.widget.SwipeRefreshLayout access$100(com.parse.starter.Doctor) -> access$100
com.parse.starter.Doctor$1 -> com.parse.starter.Doctor$1:
    com.parse.starter.Doctor this$0 -> this$0
    25:25:void <init>(com.parse.starter.Doctor) -> <init>
    28:29:void onRefresh() -> onRefresh
com.parse.starter.Doctor$2 -> com.parse.starter.Doctor$2:
    com.parse.starter.Doctor this$0 -> this$0
    35:35:void <init>(com.parse.starter.Doctor) -> <init>
    38:40:void onClick(android.view.View) -> onClick
com.parse.starter.Doctor$3 -> com.parse.starter.Doctor$3:
    com.parse.starter.Doctor this$0 -> this$0
    44:44:void <init>(com.parse.starter.Doctor) -> <init>
    47:49:void onClick(android.view.View) -> onClick
com.parse.starter.Doctor$4 -> com.parse.starter.Doctor$4:
    com.parse.starter.Doctor this$0 -> this$0
    63:63:void <init>(com.parse.starter.Doctor) -> <init>
    65:66:void onReceivedError(android.webkit.WebView,int,java.lang.String,java.lang.String) -> onReceivedError
    68:69:void onPageFinished(android.webkit.WebView,java.lang.String) -> onPageFinished
com.parse.starter.DriverLocationActivity -> com.parse.starter.DriverLocationActivity:
    com.google.android.gms.maps.GoogleMap mMap -> mMap
    android.content.Intent intent -> intent
    31:31:void <init>() -> <init>
    38:78:void acceptRequest(android.view.View) -> acceptRequest
    82:123:void onCreate(android.os.Bundle) -> onCreate
    137:141:void onMapReady(com.google.android.gms.maps.GoogleMap) -> onMapReady
    31:31:com.google.android.gms.maps.GoogleMap access$000(com.parse.starter.DriverLocationActivity) -> access$000
com.parse.starter.DriverLocationActivity$1 -> com.parse.starter.DriverLocationActivity$1:
    com.parse.starter.DriverLocationActivity this$0 -> this$0
    42:42:void <init>(com.parse.starter.DriverLocationActivity) -> <init>
    46:75:void done(java.util.List,com.parse.ParseException) -> done
    42:42:void done(java.lang.Object,java.lang.Throwable) -> done
com.parse.starter.DriverLocationActivity$1$1 -> com.parse.starter.DriverLocationActivity$1$1:
    com.parse.starter.DriverLocationActivity$1 this$1 -> this$1
    54:54:void <init>(com.parse.starter.DriverLocationActivity$1) -> <init>
    58:66:void done(com.parse.ParseException) -> done
    54:54:void done(java.lang.Throwable) -> done
com.parse.starter.DriverLocationActivity$2 -> com.parse.starter.DriverLocationActivity$2:
    com.parse.starter.DriverLocationActivity this$0 -> this$0
    96:96:void <init>(com.parse.starter.DriverLocationActivity) -> <init>
    100:121:void onGlobalLayout() -> onGlobalLayout
com.parse.starter.MainActivity -> com.parse.starter.MainActivity:
    26:26:void <init>() -> <init>
    30:42:void redirectActivity() -> redirectActivity
    46:72:void getStarted(android.view.View) -> getStarted
    76:118:void onCreate(android.os.Bundle) -> onCreate
com.parse.starter.MainActivity$1 -> com.parse.starter.MainActivity$1:
    com.parse.starter.MainActivity this$0 -> this$0
    60:60:void <init>(com.parse.starter.MainActivity) -> <init>
    64:66:void done(com.parse.ParseException) -> done
    60:60:void done(java.lang.Throwable) -> done
com.parse.starter.MainActivity$2 -> com.parse.starter.MainActivity$2:
    com.parse.starter.MainActivity this$0 -> this$0
    85:85:void <init>(com.parse.starter.MainActivity) -> <init>
    89:100:void done(com.parse.ParseUser,com.parse.ParseException) -> done
    85:85:void done(java.lang.Object,java.lang.Throwable) -> done
...
android.support.v4.view.ViewCompatLollipop -> android.support.v4.i.aq:
    java.lang.ThreadLocal sThreadLocalRect -> a
    41:42:void requestApplyInsets(android.view.View) -> a
    45:46:void setElevation(android.view.View,float) -> a
    49:49:float getElevation(android.view.View) -> b
    57:57:float getTranslationZ(android.view.View) -> c
    62:77:void setOnApplyWindowInsetsListener(android.view.View,android.support.v4.view.OnApplyWindowInsetsListener) -> a
    84:84:android.content.res.ColorStateList getBackgroundTintList(android.view.View) -> d
    88:103:void setBackgroundTintList(android.view.View,android.content.res.ColorStateList) -> a
    106:106:android.graphics.PorterDuff$Mode getBackgroundTintMode(android.view.View) -> e
    110:125:void setBackgroundTintMode(android.view.View,android.graphics.PorterDuff$Mode) -> a
    128:139:android.support.v4.view.WindowInsetsCompat onApplyWindowInsets(android.view.View,android.support.v4.view.WindowInsetsCompat) -> a
    162:162:boolean isNestedScrollingEnabled(android.view.View) -> f
    170:171:void stopNestedScroll(android.view.View) -> g
    198:198:float getZ(android.view.View) -> h
    202:224:void offsetTopAndBottom(android.view.View,int) -> a
    227:249:void offsetLeftAndRight(android.view.View,int) -> b
    252:261:android.graphics.Rect getEmptyTempRect() -> a
android.support.v4.view.ViewCompatLollipop$1 -> android.support.v4.i.aq$1:
    android.support.v4.view.OnApplyWindowInsetsListener val$listener -> a
    65:65:void <init>(android.support.v4.view.OnApplyWindowInsetsListener) -> <init>
    69:73:android.view.WindowInsets onApplyWindowInsets(android.view.View,android.view.WindowInsets) -> onApplyWindowInsets
android.support.v4.view.ViewCompatMarshmallow -> android.support.v4.i.ar:
    27:28:void setScrollIndicators(android.view.View,int,int) -> a
    35:36:void offsetTopAndBottom(android.view.View,int) -> a
    39:40:void offsetLeftAndRight(android.view.View,int) -> b
android.support.v4.view.ViewConfigurationCompat -> android.support.v4.i.as:
    android.support.v4.view.ViewConfigurationCompat$ViewConfigurationVersionImpl IMPL -> a
    105:105:int getScaledPagingTouchSlop(android.view.ViewConfiguration) -> a
    113:113:boolean hasPermanentMenuKey(android.view.ViewConfiguration) -> b
    86:95:void <clinit>() -> <clinit>
android.support.v4.view.ViewConfigurationCompat$BaseViewConfigurationVersionImpl -> android.support.v4.i.as$a:
    37:37:void <init>() -> <init>
    40:40:int getScaledPagingTouchSlop(android.view.ViewConfiguration) -> a
    46:46:boolean hasPermanentMenuKey(android.view.ViewConfiguration) -> b
android.support.v4.view.ViewConfigurationCompat$FroyoViewConfigurationVersionImpl -> android.support.v4.i.as$b:
    53:53:void <init>() -> <init>
    56:56:int getScaledPagingTouchSlop(android.view.ViewConfiguration) -> a
android.support.v4.view.ViewConfigurationCompat$HoneycombViewConfigurationVersionImpl -> android.support.v4.i.as$c:
    63:63:void <init>() -> <init>
    67:67:boolean hasPermanentMenuKey(android.view.ViewConfiguration) -> b
android.support.v4.view.ViewConfigurationCompat$IcsViewConfigurationVersionImpl -> android.support.v4.i.as$d:
    74:74:void <init>() -> <init>
    77:77:boolean hasPermanentMenuKey(android.view.ViewConfiguration) -> b
android.support.v4.view.ViewConfigurationCompat$ViewConfigurationVersionImpl -> android.support.v4.i.as$e:
    int getScaledPagingTouchSlop(android.view.ViewConfiguration) -> a
    boolean hasPermanentMenuKey(android.view.ViewConfiguration) -> b
android.support.v4.view.ViewConfigurationCompatFroyo -> android.support.v4.i.at:
    26:26:int getScaledPagingTouchSlop(android.view.ViewConfiguration) -> a
android.support.v4.view.ViewConfigurationCompatICS -> android.support.v4.i.au:
    26:26:boolean hasPermanentMenuKey(android.view.ViewConfiguration) -> a