Medicus_Android/ParseStarterProject/build/outputs/mapping/release/usage.txt
com.parse.starter.BuildConfig
com.parse.starter.Manifest
com.parse.starter.Manifest$permission
com.parse.starter.R
com.parse.starter.R$anim
com.parse.starter.R$array
com.parse.starter.R$attr
com.parse.starter.R$bool
com.parse.starter.R$color
com.parse.starter.R$dimen
com.parse.starter.R$drawable
com.parse.starter.R$id
com.parse.starter.R$integer
com.parse.starter.R$layout
com.parse.starter.R$menu
com.parse.starter.R$mipmap
com.parse.starter.R$raw
com.parse.starter.R$string
com.parse.starter.R$style
com.parse.starter.R$styleable
com.parse.starter.pharmacy:
    private android.webkit.WebChromeClient webChromeClient
...
com.google.android.gms.internal.zzahy$zza
com.google.android.gms.internal.zzahy$zzb
com.google.android.gms.internal.zzahy$zzc
com.google.android.gms.internal.zzahy$zzd
com.google.android.gms.internal.zzahz
com.google.android.gms.internal.zzai
com.google.android.gms.internal.zzai$zza
com.google.android.gms.internal.zzaia
com.google.android.gms.internal.zzaia$1
com.google.android.gms.internal.zzaib
com.google.android.gms.internal.zzaib$1
com.google.android.gms.internal.zzaic
com.google.android.gms.internal.zzaid
com.google.android.gms.internal.zzaie
com.google.android.gms.internal.zzaif
com.google.android.gms.internal.zzaif$1
com.google.android.gms.internal.zzaif$2
com.google.android.gms.internal.zzaig
com.google.android.gms.internal.zzaih
com.google.android.gms.internal.zzaii
com.google.android.gms.internal.zzaij
com.google.android.gms.internal.zzaik
com.google.android.gms.internal.zzail
com.google.android.gms.internal.zzail$zza
com.google.android.gms.internal.zzaim
com.google.android.gms.internal.zzaim$zza
com.google.android.gms.internal.zzain
com.google.android.gms.internal.zzaio
com.google.android.gms.internal.zzaio$1
com.google.android.gms.internal.zzaip
com.google.android.gms.internal.zzaiq
com.google.android.gms.internal.zzair
com.google.android.gms.internal.zzais
com.google.android.gms.internal.zzait
com.google.android.gms.internal.zzaiu
com.google.android.gms.internal.zzaiu$1
com.google.android.gms.internal.zzaiu$2
com.google.android.gms.internal.zzaiu$3
com.google.android.gms.internal.zzaiv
com.google.android.gms.internal.zzaiw
com.google.android.gms.internal.zzaiw$1
com.google.android.gms.internal.zzaiw$2
com.google.android.gms.internal.zzaiw$3
com.google.android.gms.internal.zzaiw$4
com.google.android.gms.internal.zzaiw$5
com.google.android.gms.internal.zzaiw$6
com.google.android.gms.internal.zzaix
com.google.android.gms.internal.zzaix$1
com.google.android.gms.internal.zzaix$2
com.google.android.gms.internal.zzaix$zza
com.google.android.gms.internal.zzaiy
com.google.android.gms.internal.zzaiy$1
com.google.android.gms.internal.zzaiz
com.google.android.gms.internal.zzaiz$1
com.google.android.gms.internal.zzaiz$zza
com.google.android.gms.internal.zzaiz$zzb
com.google.android.gms.internal.zzaja
com.google.android.gms.internal.zzajb
com.google.android.gms.internal.zzajc
com.google.android.gms.internal.zzajd
com.google.android.gms.internal.zzaje
com.google.android.gms.internal.zzajf
com.google.android.gms.internal.zzajf$zza
com.google.android.gms.internal.zzajg
com.google.android.gms.internal.zzajg$1
com.google.android.gms.internal.zzajh
com.google.android.gms.internal.zzajh$1
com.google.android.gms.internal.zzaji
com.google.android.gms.internal.zzaji$1
com.google.android.gms.internal.zzaji$zza
com.google.android.gms.internal.zzajj
com.google.android.gms.internal.zzajk
com.google.android.gms.internal.zzajk$zza
com.google.android.gms.internal.zzajl
com.google.android.gms.internal.zzajm
com.google.android.gms.internal.zzajm$1
com.google.android.gms.internal.zzajm$2
com.google.android.gms.internal.zzajm$zza
com.google.android.gms.internal.zzajm$zzb
com.google.android.gms.internal.zzajn
com.google.android.gms.internal.zzajo
com.google.android.gms.internal.zzajp
com.google.android.gms.internal.zzajq
com.google.android.gms.internal.zzajq$zza
com.google.android.gms.internal.zzajr
com.google.android.gms.internal.zzajw
com.google.android.gms.internal.zzajx
com.google.android.gms.internal.zzajx$1
com.google.android.gms.internal.zzajx$zza
com.google.android.gms.internal.zzajy
com.google.android.gms.internal.zzajy$1
com.google.android.gms.internal.zzajy$2
com.google.android.gms.internal.zzajy$zza
com.google.android.gms.internal.zzajy$zzb
com.google.android.gms.internal.zzajz
com.google.android.gms.internal.zzajz$1
com.google.android.gms.internal.zzajz$zza
com.google.android.gms.internal.zzajz$zzb
com.google.android.gms.internal.zzajz$zzc
com.google.android.gms.internal.zzaka
com.google.android.gms.internal.zzakb